{"C:\\Users\\rcutrell\\multiverse-projects\\wk4\\scooter-project-EvieCutrell\\src\\Scooter.js": {"path":"C:\\Users\\rcutrell\\multiverse-projects\\wk4\\scooter-project-EvieCutrell\\src\\Scooter.js","statementMap":{"0":{"start":{"line":1,"column":13},"end":{"line":1,"column":30}},"1":{"start":{"line":5,"column":22},"end":{"line":5,"column":23}},"2":{"start":{"line":8,"column":4},"end":{"line":8,"column":27}},"3":{"start":{"line":9,"column":4},"end":{"line":9,"column":21}},"4":{"start":{"line":10,"column":4},"end":{"line":10,"column":37}},"5":{"start":{"line":11,"column":4},"end":{"line":11,"column":22}},"6":{"start":{"line":12,"column":4},"end":{"line":12,"column":26}},"7":{"start":{"line":13,"column":4},"end":{"line":13,"column":25}},"8":{"start":{"line":17,"column":4},"end":{"line":22,"column":5}},"9":{"start":{"line":18,"column":6},"end":{"line":18,"column":65}},"10":{"start":{"line":20,"column":6},"end":{"line":20,"column":34}},"11":{"start":{"line":21,"column":6},"end":{"line":21,"column":26}},"12":{"start":{"line":26,"column":4},"end":{"line":26,"column":27}},"13":{"start":{"line":27,"column":4},"end":{"line":27,"column":21}},"14":{"start":{"line":32,"column":0},"end":{"line":32,"column":24}}},"fnMap":{"0":{"name":"(anonymous_0)","decl":{"start":{"line":7,"column":2},"end":{"line":7,"column":3}},"loc":{"start":{"line":7,"column":22},"end":{"line":14,"column":3}},"line":7},"1":{"name":"(anonymous_1)","decl":{"start":{"line":16,"column":2},"end":{"line":16,"column":3}},"loc":{"start":{"line":16,"column":14},"end":{"line":23,"column":3}},"line":16},"2":{"name":"(anonymous_2)","decl":{"start":{"line":25,"column":2},"end":{"line":25,"column":3}},"loc":{"start":{"line":25,"column":15},"end":{"line":28,"column":3}},"line":25}},"branchMap":{"0":{"loc":{"start":{"line":17,"column":4},"end":{"line":22,"column":5}},"type":"if","locations":[{"start":{"line":17,"column":4},"end":{"line":22,"column":5}},{"start":{"line":19,"column":9},"end":{"line":22,"column":5}}],"line":17},"1":{"loc":{"start":{"line":17,"column":7},"end":{"line":17,"column":50}},"type":"binary-expr","locations":[{"start":{"line":17,"column":7},"end":{"line":17,"column":24}},{"start":{"line":17,"column":28},"end":{"line":17,"column":50}}],"line":17}},"s":{"0":2,"1":2,"2":10,"3":10,"4":10,"5":10,"6":10,"7":10,"8":6,"9":1,"10":5,"11":5,"12":2,"13":2,"14":2},"f":{"0":10,"1":6,"2":2},"b":{"0":[1,5],"1":[6,6]},"_coverageSchema":"1a1c01bbd47fc00a2c39e90264f33305004495a9","hash":"62d00719a46fe1f5ed2edb750d1c8e3509e909c1"}
,"C:\\Users\\rcutrell\\multiverse-projects\\wk4\\scooter-project-EvieCutrell\\src\\ScooterApp.js": {"path":"C:\\Users\\rcutrell\\multiverse-projects\\wk4\\scooter-project-EvieCutrell\\src\\ScooterApp.js","statementMap":{"0":{"start":{"line":1,"column":13},"end":{"line":1,"column":30}},"1":{"start":{"line":2,"column":16},"end":{"line":2,"column":36}},"2":{"start":{"line":10,"column":4},"end":{"line":14,"column":6}},"3":{"start":{"line":15,"column":4},"end":{"line":15,"column":30}},"4":{"start":{"line":20,"column":4},"end":{"line":33,"column":7}},"5":{"start":{"line":21,"column":6},"end":{"line":21,"column":44}},"6":{"start":{"line":22,"column":9},"end":{"line":33,"column":7}},"7":{"start":{"line":24,"column":6},"end":{"line":24,"column":47}},"8":{"start":{"line":28,"column":24},"end":{"line":28,"column":60}},"9":{"start":{"line":29,"column":8},"end":{"line":29,"column":52}},"10":{"start":{"line":30,"column":8},"end":{"line":30,"column":48}},"11":{"start":{"line":31,"column":8},"end":{"line":31,"column":42}},"12":{"start":{"line":32,"column":8},"end":{"line":32,"column":23}},"13":{"start":{"line":37,"column":4},"end":{"line":47,"column":58}},"14":{"start":{"line":39,"column":6},"end":{"line":39,"column":53}},"15":{"start":{"line":41,"column":6},"end":{"line":44,"column":61}},"16":{"start":{"line":42,"column":8},"end":{"line":42,"column":52}},"17":{"start":{"line":44,"column":8},"end":{"line":44,"column":61}},"18":{"start":{"line":47,"column":5},"end":{"line":47,"column":58}},"19":{"start":{"line":51,"column":4},"end":{"line":57,"column":51}},"20":{"start":{"line":53,"column":6},"end":{"line":53,"column":44}},"21":{"start":{"line":54,"column":6},"end":{"line":54,"column":40}},"22":{"start":{"line":57,"column":6},"end":{"line":57,"column":51}},"23":{"start":{"line":61,"column":4},"end":{"line":68,"column":5}},"24":{"start":{"line":62,"column":6},"end":{"line":62,"column":47}},"25":{"start":{"line":64,"column":25},"end":{"line":64,"column":45}},"26":{"start":{"line":65,"column":6},"end":{"line":65,"column":46}},"27":{"start":{"line":66,"column":6},"end":{"line":66,"column":41}},"28":{"start":{"line":67,"column":6},"end":{"line":67,"column":24}},"29":{"start":{"line":73,"column":4},"end":{"line":81,"column":5}},"30":{"start":{"line":74,"column":6},"end":{"line":74,"column":48}},"31":{"start":{"line":77,"column":26},"end":{"line":77,"column":41}},"32":{"start":{"line":78,"column":6},"end":{"line":78,"column":25}},"33":{"start":{"line":79,"column":6},"end":{"line":79,"column":41}},"34":{"start":{"line":80,"column":6},"end":{"line":80,"column":39}},"35":{"start":{"line":86,"column":4},"end":{"line":95,"column":7}},"36":{"start":{"line":87,"column":6},"end":{"line":87,"column":41}},"37":{"start":{"line":88,"column":9},"end":{"line":95,"column":7}},"38":{"start":{"line":89,"column":6},"end":{"line":89,"column":53}},"39":{"start":{"line":92,"column":8},"end":{"line":92,"column":30}},"40":{"start":{"line":93,"column":8},"end":{"line":93,"column":45}},"41":{"start":{"line":94,"column":8},"end":{"line":94,"column":41}},"42":{"start":{"line":99,"column":4},"end":{"line":99,"column":83}},"43":{"start":{"line":100,"column":4},"end":{"line":100,"column":58}},"44":{"start":{"line":101,"column":4},"end":{"line":101,"column":83}},"45":{"start":{"line":102,"column":4},"end":{"line":102,"column":103}},"46":{"start":{"line":103,"column":4},"end":{"line":103,"column":93}},"47":{"start":{"line":104,"column":4},"end":{"line":104,"column":16}},"48":{"start":{"line":121,"column":0},"end":{"line":121,"column":27}}},"fnMap":{"0":{"name":"(anonymous_0)","decl":{"start":{"line":9,"column":2},"end":{"line":9,"column":3}},"loc":{"start":{"line":9,"column":15},"end":{"line":16,"column":3}},"line":9},"1":{"name":"(anonymous_1)","decl":{"start":{"line":18,"column":2},"end":{"line":18,"column":3}},"loc":{"start":{"line":18,"column":43},"end":{"line":34,"column":3}},"line":18},"2":{"name":"(anonymous_2)","decl":{"start":{"line":36,"column":2},"end":{"line":36,"column":3}},"loc":{"start":{"line":36,"column":32},"end":{"line":48,"column":3}},"line":36},"3":{"name":"(anonymous_3)","decl":{"start":{"line":50,"column":2},"end":{"line":50,"column":3}},"loc":{"start":{"line":50,"column":23},"end":{"line":58,"column":3}},"line":50},"4":{"name":"(anonymous_4)","decl":{"start":{"line":60,"column":2},"end":{"line":60,"column":3}},"loc":{"start":{"line":60,"column":25},"end":{"line":69,"column":3}},"line":60},"5":{"name":"(anonymous_5)","decl":{"start":{"line":72,"column":2},"end":{"line":72,"column":3}},"loc":{"start":{"line":72,"column":28},"end":{"line":82,"column":3}},"line":72},"6":{"name":"(anonymous_6)","decl":{"start":{"line":85,"column":2},"end":{"line":85,"column":3}},"loc":{"start":{"line":85,"column":31},"end":{"line":96,"column":3}},"line":85},"7":{"name":"(anonymous_7)","decl":{"start":{"line":98,"column":2},"end":{"line":98,"column":3}},"loc":{"start":{"line":98,"column":9},"end":{"line":105,"column":3}},"line":98}},"branchMap":{"0":{"loc":{"start":{"line":20,"column":4},"end":{"line":33,"column":7}},"type":"if","locations":[{"start":{"line":20,"column":4},"end":{"line":33,"column":7}},{"start":{"line":22,"column":9},"end":{"line":33,"column":7}}],"line":20},"1":{"loc":{"start":{"line":22,"column":9},"end":{"line":33,"column":7}},"type":"if","locations":[{"start":{"line":22,"column":9},"end":{"line":33,"column":7}},{"start":{"line":27,"column":6},"end":{"line":33,"column":7}}],"line":22},"2":{"loc":{"start":{"line":37,"column":4},"end":{"line":47,"column":58}},"type":"if","locations":[{"start":{"line":37,"column":4},"end":{"line":47,"column":58}},{"start":{"line":47,"column":5},"end":{"line":47,"column":58}}],"line":37},"3":{"loc":{"start":{"line":41,"column":6},"end":{"line":44,"column":61}},"type":"if","locations":[{"start":{"line":41,"column":6},"end":{"line":44,"column":61}},{"start":{"line":44,"column":8},"end":{"line":44,"column":61}}],"line":41},"4":{"loc":{"start":{"line":51,"column":4},"end":{"line":57,"column":51}},"type":"if","locations":[{"start":{"line":51,"column":4},"end":{"line":57,"column":51}},{"start":{"line":57,"column":6},"end":{"line":57,"column":51}}],"line":51},"5":{"loc":{"start":{"line":61,"column":4},"end":{"line":68,"column":5}},"type":"if","locations":[{"start":{"line":61,"column":4},"end":{"line":68,"column":5}},{"start":{"line":63,"column":9},"end":{"line":68,"column":5}}],"line":61},"6":{"loc":{"start":{"line":73,"column":4},"end":{"line":81,"column":5}},"type":"if","locations":[{"start":{"line":73,"column":4},"end":{"line":81,"column":5}},{"start":{"line":76,"column":4},"end":{"line":81,"column":5}}],"line":73},"7":{"loc":{"start":{"line":86,"column":4},"end":{"line":95,"column":7}},"type":"if","locations":[{"start":{"line":86,"column":4},"end":{"line":95,"column":7}},{"start":{"line":88,"column":9},"end":{"line":95,"column":7}}],"line":86},"8":{"loc":{"start":{"line":88,"column":9},"end":{"line":95,"column":7}},"type":"if","locations":[{"start":{"line":88,"column":9},"end":{"line":95,"column":7}},{"start":{"line":91,"column":6},"end":{"line":95,"column":7}}],"line":88}},"s":{"0":1,"1":1,"2":16,"3":16,"4":15,"5":1,"6":14,"7":1,"8":13,"9":13,"10":13,"11":13,"12":13,"13":11,"14":10,"15":9,"16":9,"17":0,"18":1,"19":2,"20":1,"21":1,"22":1,"23":7,"24":1,"25":6,"26":6,"27":6,"28":6,"29":5,"30":1,"31":4,"32":4,"33":4,"34":4,"35":3,"36":1,"37":2,"38":1,"39":1,"40":1,"41":1,"42":1,"43":1,"44":1,"45":1,"46":1,"47":1,"48":1},"f":{"0":16,"1":15,"2":11,"3":2,"4":7,"5":5,"6":3,"7":1},"b":{"0":[1,14],"1":[1,13],"2":[10,1],"3":[9,0],"4":[1,1],"5":[1,6],"6":[1,4],"7":[1,2],"8":[1,1]},"_coverageSchema":"1a1c01bbd47fc00a2c39e90264f33305004495a9","hash":"996363cec7c432996456638451d8df3b71cf1778"}
,"C:\\Users\\rcutrell\\multiverse-projects\\wk4\\scooter-project-EvieCutrell\\src\\User.js": {"path":"C:\\Users\\rcutrell\\multiverse-projects\\wk4\\scooter-project-EvieCutrell\\src\\User.js","statementMap":{"0":{"start":{"line":4,"column":4},"end":{"line":4,"column":29}},"1":{"start":{"line":5,"column":4},"end":{"line":5,"column":29}},"2":{"start":{"line":6,"column":4},"end":{"line":6,"column":19}},"3":{"start":{"line":7,"column":4},"end":{"line":7,"column":26}},"4":{"start":{"line":11,"column":4},"end":{"line":14,"column":27}},"5":{"start":{"line":12,"column":6},"end":{"line":12,"column":44}},"6":{"start":{"line":14,"column":6},"end":{"line":14,"column":27}},"7":{"start":{"line":18,"column":4},"end":{"line":18,"column":26}},"8":{"start":{"line":22,"column":0},"end":{"line":22,"column":21}}},"fnMap":{"0":{"name":"(anonymous_0)","decl":{"start":{"line":3,"column":2},"end":{"line":3,"column":3}},"loc":{"start":{"line":3,"column":39},"end":{"line":8,"column":3}},"line":3},"1":{"name":"(anonymous_1)","decl":{"start":{"line":10,"column":2},"end":{"line":10,"column":3}},"loc":{"start":{"line":10,"column":17},"end":{"line":15,"column":3}},"line":10},"2":{"name":"(anonymous_2)","decl":{"start":{"line":17,"column":2},"end":{"line":17,"column":3}},"loc":{"start":{"line":17,"column":10},"end":{"line":19,"column":3}},"line":17}},"branchMap":{"0":{"loc":{"start":{"line":11,"column":4},"end":{"line":14,"column":27}},"type":"if","locations":[{"start":{"line":11,"column":4},"end":{"line":14,"column":27}},{"start":{"line":14,"column":6},"end":{"line":14,"column":27}}],"line":11}},"s":{"0":15,"1":15,"2":15,"3":15,"4":12,"5":2,"6":10,"7":1,"8":3},"f":{"0":15,"1":12,"2":1},"b":{"0":[2,10]},"_coverageSchema":"1a1c01bbd47fc00a2c39e90264f33305004495a9","hash":"8c3220ac47db11ab246daaf2551a2d71960aac73"}
}
