TN:
SF:src\Scooter.js
FN:7,(anonymous_0)
FN:16,(anonymous_1)
FN:25,(anonymous_2)
FNF:3
FNH:3
FNDA:10,(anonymous_0)
FNDA:6,(anonymous_1)
FNDA:2,(anonymous_2)
DA:1,2
DA:5,2
DA:8,10
DA:9,10
DA:10,10
DA:11,10
DA:12,10
DA:13,10
DA:17,6
DA:18,1
DA:20,5
DA:21,5
DA:26,2
DA:27,2
DA:32,2
LF:15
LH:15
BRDA:17,0,0,1
BRDA:17,0,1,5
BRDA:17,1,0,6
BRDA:17,1,1,6
BRF:4
BRH:4
end_of_record
TN:
SF:src\ScooterApp.js
FN:9,(anonymous_0)
FN:18,(anonymous_1)
FN:36,(anonymous_2)
FN:50,(anonymous_3)
FN:60,(anonymous_4)
FN:72,(anonymous_5)
FN:85,(anonymous_6)
FN:98,(anonymous_7)
FNF:8
FNH:8
FNDA:16,(anonymous_0)
FNDA:15,(anonymous_1)
FNDA:11,(anonymous_2)
FNDA:2,(anonymous_3)
FNDA:7,(anonymous_4)
FNDA:5,(anonymous_5)
FNDA:3,(anonymous_6)
FNDA:1,(anonymous_7)
DA:1,1
DA:2,1
DA:10,16
DA:15,16
DA:20,15
DA:21,1
DA:22,14
DA:24,1
DA:28,13
DA:29,13
DA:30,13
DA:31,13
DA:32,13
DA:37,11
DA:39,10
DA:41,9
DA:42,9
DA:44,0
DA:47,1
DA:51,2
DA:53,1
DA:54,1
DA:57,1
DA:61,7
DA:62,1
DA:64,6
DA:65,6
DA:66,6
DA:67,6
DA:73,5
DA:74,1
DA:77,4
DA:78,4
DA:79,4
DA:80,4
DA:86,3
DA:87,1
DA:88,2
DA:89,1
DA:92,1
DA:93,1
DA:94,1
DA:99,1
DA:100,1
DA:101,1
DA:102,1
DA:103,1
DA:104,1
DA:121,1
LF:49
LH:48
BRDA:20,0,0,1
BRDA:20,0,1,14
BRDA:22,1,0,1
BRDA:22,1,1,13
BRDA:37,2,0,10
BRDA:37,2,1,1
BRDA:41,3,0,9
BRDA:41,3,1,0
BRDA:51,4,0,1
BRDA:51,4,1,1
BRDA:61,5,0,1
BRDA:61,5,1,6
BRDA:73,6,0,1
BRDA:73,6,1,4
BRDA:86,7,0,1
BRDA:86,7,1,2
BRDA:88,8,0,1
BRDA:88,8,1,1
BRF:18
BRH:17
end_of_record
TN:
SF:src\User.js
FN:3,(anonymous_0)
FN:10,(anonymous_1)
FN:17,(anonymous_2)
FNF:3
FNH:3
FNDA:15,(anonymous_0)
FNDA:12,(anonymous_1)
FNDA:1,(anonymous_2)
DA:4,15
DA:5,15
DA:6,15
DA:7,15
DA:11,12
DA:12,2
DA:14,10
DA:18,1
DA:22,3
LF:9
LH:9
BRDA:11,0,0,2
BRDA:11,0,1,10
BRF:2
BRH:2
end_of_record
